<?xml version="1.0" encoding="UTF-8"?>
<!-- Generated by org.testng.reporters.JUnitXMLReporter -->
<testsuite hostname="Nayeems-MacBook-Pro.local" ignored="2" name="Default test" tests="1" failures="0" timestamp="2022-10-18T14:34:10 BDT" time="16.954" errors="0">
  <testcase name="OpenMenu" time="16.436" classname="testCases.Amazon_TestCase"/>
  <testcase name="@AfterSuite CloseBrowser" time="0.0" classname="utility.BaseClass">
    <ignored/>
  </testcase> <!-- @AfterSuite CloseBrowser -->
  <testcase name="@AfterSuite CloseBrowser" time="0.0" classname="utility.BaseClass">
    <ignored/>
  </testcase> <!-- @AfterSuite CloseBrowser -->
</testsuite> <!-- Default test -->
