<?xml version="1.0" encoding="UTF-8"?>
<testng-results skipped="0" failed="0" ignored="2" total="3" passed="1">
  <reporter-output>
  </reporter-output>
  <suite name="Default suite" duration-ms="16954" started-at="2022-10-18T14:33:53 BDT" finished-at="2022-10-18T14:34:10 BDT">
    <groups>
    </groups>
    <test name="Default test" duration-ms="16954" started-at="2022-10-18T14:33:53 BDT" finished-at="2022-10-18T14:34:10 BDT">
      <class name="testCases.Amazon_TestCase">
        <test-method status="PASS" signature="OpenMenu()[pri:0, instance:testCases.Amazon_TestCase@61f2c3f0]" name="OpenMenu" duration-ms="16436" started-at="2022-10-18T14:33:53 BDT" finished-at="2022-10-18T14:34:09 BDT">
          <reporter-output>
          </reporter-output>
        </test-method> <!-- OpenMenu -->
        <test-method status="PASS" signature="CloseBrowser()[pri:0, instance:testCases.Amazon_TestCase@61f2c3f0]" name="CloseBrowser" is-config="true" duration-ms="394" started-at="2022-10-18T14:34:10 BDT" finished-at="2022-10-18T14:34:10 BDT">
          <reporter-output>
          </reporter-output>
        </test-method> <!-- CloseBrowser -->
      </class> <!-- testCases.Amazon_TestCase -->
    </test> <!-- Default test -->
  </suite> <!-- Default suite -->
</testng-results>
